{
  "RSpec": {
    "coverage": {
      "/Users/Incubator/dev/generator_pairs/app/helpers/application_helper.rb": [
        1,
        null
      ],
      "/Users/Incubator/dev/generator_pairs/app/helpers/users_helper.rb": [
        1,
        null
      ],
      "/Users/Incubator/dev/generator_pairs/spec/support/factory_girl.rb": [
        1,
        null,
        1,
        null,
        1,
        1,
        null,
        null,
        1,
        6,
        null,
        null,
        1,
        6,
        null,
        null,
        null
      ],
      "/Users/Incubator/dev/generator_pairs/spec/features/create_user_spec.rb": [
        1,
        null,
        1,
        6,
        null,
        null,
        7,
        null,
        1,
        null,
        1,
        1,
        1,
        1,
        1,
        1,
        1,
        1,
        1,
        null,
        null,
        1,
        1,
        1,
        1,
        1,
        null,
        1,
        1,
        1,
        1,
        1,
        1,
        null,
        null,
        1,
        1,
        1,
        1,
        1,
        null,
        1,
        1,
        null,
        null,
        null,
        null,
        1,
        null,
        1,
        1,
        1,
        1,
        1,
        1,
        1,
        1,
        1,
        null,
        null,
        null,
        1,
        1,
        1,
        1,
        1,
        1,
        1,
        1,
        1,
        1,
        1,
        1,
        1,
        1,
        1,
        1,
        null,
        null,
        null,
        1,
        1,
        1,
        5,
        null,
        1,
        1,
        1,
        1,
        1,
        1,
        100,
        100,
        14,
        null,
        100,
        null,
        1,
        1,
        0,
        null,
        null,
        null,
        null
      ],
      "/Users/Incubator/dev/generator_pairs/app/models/user.rb": [
        1,
        1,
        1,
        null,
        1,
        101,
        101,
        101,
        null,
        null
      ],
      "/Users/Incubator/dev/generator_pairs/app/models/application_record.rb": [
        1,
        1,
        null
      ],
      "/Users/Incubator/dev/generator_pairs/app/controllers/users_controller.rb": [
        1,
        1,
        null,
        1,
        4,
        null,
        null,
        1,
        4,
        4,
        2,
        2,
        null,
        2,
        null,
        null,
        null,
        1,
        10,
        null,
        null,
        1,
        1,
        1,
        1,
        null,
        0,
        null,
        null,
        null,
        1,
        1,
        1,
        1,
        null,
        0,
        null,
        null,
        null,
        1,
        101,
        null,
        0,
        0,
        null,
        null,
        1,
        1,
        5,
        null,
        null,
        1,
        3,
        null,
        null
      ],
      "/Users/Incubator/dev/generator_pairs/app/controllers/application_controller.rb": [
        1,
        1,
        1,
        null
      ]
    },
    "timestamp": 1485267737
  }
}
